Arguments: 
  /usr/bin/node /usr/share/yarn/bin/yarn.js install

PATH: 
  /home/baron/.vscode-server/bin/6c3e3dba23e8fadc360aed75ce363ba185c49794/bin/remote-cli:/home/baron/.local/share/solana/install/active_release/bin:/home/baron/.cargo/bin:/usr/local/sbin:/usr/local/bin:/usr/sbin:/usr/bin:/sbin:/bin:/usr/games:/usr/local/games:/usr/lib/wsl/lib:/mnt/c/Python311/Scripts/:/mnt/c/Python311/:/mnt/c/Program Files (x86)/Intel/iCLS Client/:/mnt/c/Program Files/Intel/iCLS Client/:/mnt/c/Windows/system32:/mnt/c/Windows:/mnt/c/Windows/System32/Wbem:/mnt/c/Windows/System32/WindowsPowerShell/v1.0/:/mnt/c/Program Files (x86)/Intel/Intel(R) Management Engine Components/DAL:/mnt/c/Program Files/Intel/Intel(R) Management Engine Components/DAL:/mnt/c/Program Files (x86)/Intel/Intel(R) Management Engine Components/IPT:/mnt/c/Program Files/Intel/Intel(R) Management Engine Components/IPT:/mnt/c/Program Files (x86)/NVIDIA Corporation/PhysX/Common:/mnt/c/Program Files/Intel/WiFi/bin/:/mnt/c/Program Files/Common Files/Intel/WirelessCommon/:/mnt/c/WINDOWS/system32:/mnt/c/WINDOWS:/mnt/c/WINDOWS/System32/Wbem:/mnt/c/WINDOWS/System32/WindowsPowerShell/v1.0/:/mnt/c/WINDOWS/System32/OpenSSH/:/mnt/c/ProgramData/chocolatey/bin:/mnt/c/Program Files/NVIDIA Corporation/NVIDIA NvDLISR:/mnt/c/Program Files/Git/cmd:/mnt/c/Program Files/dotnet/:/mnt/c/nvm:/mnt/c/Program Files/nodejs:/mnt/c/xampp/php:/mnt/c/composer:/mnt/c/Program Files/Docker/Docker/resources/bin:/mnt/c/Tome/bin:/mnt/c/Program Files/GitHub CLI/:/mnt/c/Program Files/MySQL/MySQL Shell 8.0/bin/:/mnt/c/Users/Baron Dimaranan/AppData/Local/Microsoft/WindowsApps:/mnt/c/Users/Baron Dimaranan/AppData/Local/Programs/Microsoft VS Code/bin:/mnt/c/Users/Baron Dimaranan/AppData/Roaming/Composer/vendor/bin:/mnt/c/Users/Baron Dimaranan/AppData/Roaming/npm:/mnt/c/nvm:/mnt/c/Program Files/nodejs:/snap/bin

Yarn version: 
  1.22.19

Node version: 
  12.22.9

Platform: 
  linux x64

Trace: 
  SyntaxError: /home/baron/projects/solana-bootcamp/project-main/package.json: Unexpected token ] in JSON at position 221
      at JSON.parse (<anonymous>)
      at /usr/share/yarn/lib/cli.js:1629:59
      at Generator.next (<anonymous>)
      at step (/usr/share/yarn/lib/cli.js:310:30)
      at /usr/share/yarn/lib/cli.js:321:13

npm manifest: 
  {
    "name": "basic-1",
    "version": "0.28.0",
    "license": "(MIT OR Apache-2.0)",
    "homepage": "https://github.com/coral-xyz/anchor#readme",
    "bugs": {
      "url": "https://github.com/coral-xyz/anchor/issues"
    },
    "repository": {
      "type": "git",
      "url": "https://github.com/coral-xyz/anchor.git"
    },
    "engines": {
      "node": ">=11"
    },
    "scripts": {
      "test": "anchor test --skip-lint"
    }
  }

yarn manifest: 
  No manifest

Lockfile: 
  No lockfile
